2018-05-08 17:03:13,342 INFO: Microblog startup [in /home/snaumenko/myFolder/python/dontTouch/app/__init__.py:47]
2018-05-08 17:03:59,634 ERROR: Exception on /edit_profile [POST] [in /home/snaumenko/.virtualenvs/dontTouch/lib/python3.5/site-packages/flask/app.py:1761]
Traceback (most recent call last):
  File "/home/snaumenko/.virtualenvs/dontTouch/lib/python3.5/site-packages/sqlalchemy/engine/base.py", line 1193, in _execute_context
    context)
  File "/home/snaumenko/.virtualenvs/dontTouch/lib/python3.5/site-packages/sqlalchemy/engine/default.py", line 507, in do_execute
    cursor.execute(statement, parameters)
sqlite3.IntegrityError: UNIQUE constraint failed: users.username

The above exception was the direct cause of the following exception:

Traceback (most recent call last):
  File "/home/snaumenko/.virtualenvs/dontTouch/lib/python3.5/site-packages/flask/app.py", line 2292, in wsgi_app
    response = self.full_dispatch_request()
  File "/home/snaumenko/.virtualenvs/dontTouch/lib/python3.5/site-packages/flask/app.py", line 1815, in full_dispatch_request
    rv = self.handle_user_exception(e)
  File "/home/snaumenko/.virtualenvs/dontTouch/lib/python3.5/site-packages/flask/app.py", line 1718, in handle_user_exception
    reraise(exc_type, exc_value, tb)
  File "/home/snaumenko/.virtualenvs/dontTouch/lib/python3.5/site-packages/flask/_compat.py", line 35, in reraise
    raise value
  File "/home/snaumenko/.virtualenvs/dontTouch/lib/python3.5/site-packages/flask/app.py", line 1813, in full_dispatch_request
    rv = self.dispatch_request()
  File "/home/snaumenko/.virtualenvs/dontTouch/lib/python3.5/site-packages/flask/app.py", line 1799, in dispatch_request
    return self.view_functions[rule.endpoint](**req.view_args)
  File "/home/snaumenko/.virtualenvs/dontTouch/lib/python3.5/site-packages/flask_login/utils.py", line 261, in decorated_view
    return func(*args, **kwargs)
  File "/home/snaumenko/myFolder/python/dontTouch/app/routes.py", line 89, in edit_profile
    db.session.commit()
  File "/home/snaumenko/.virtualenvs/dontTouch/lib/python3.5/site-packages/sqlalchemy/orm/scoping.py", line 153, in do
    return getattr(self.registry(), name)(*args, **kwargs)
  File "/home/snaumenko/.virtualenvs/dontTouch/lib/python3.5/site-packages/sqlalchemy/orm/session.py", line 943, in commit
    self.transaction.commit()
  File "/home/snaumenko/.virtualenvs/dontTouch/lib/python3.5/site-packages/sqlalchemy/orm/session.py", line 467, in commit
    self._prepare_impl()
  File "/home/snaumenko/.virtualenvs/dontTouch/lib/python3.5/site-packages/sqlalchemy/orm/session.py", line 447, in _prepare_impl
    self.session.flush()
  File "/home/snaumenko/.virtualenvs/dontTouch/lib/python3.5/site-packages/sqlalchemy/orm/session.py", line 2254, in flush
    self._flush(objects)
  File "/home/snaumenko/.virtualenvs/dontTouch/lib/python3.5/site-packages/sqlalchemy/orm/session.py", line 2380, in _flush
    transaction.rollback(_capture_exception=True)
  File "/home/snaumenko/.virtualenvs/dontTouch/lib/python3.5/site-packages/sqlalchemy/util/langhelpers.py", line 66, in __exit__
    compat.reraise(exc_type, exc_value, exc_tb)
  File "/home/snaumenko/.virtualenvs/dontTouch/lib/python3.5/site-packages/sqlalchemy/util/compat.py", line 187, in reraise
    raise value
  File "/home/snaumenko/.virtualenvs/dontTouch/lib/python3.5/site-packages/sqlalchemy/orm/session.py", line 2344, in _flush
    flush_context.execute()
  File "/home/snaumenko/.virtualenvs/dontTouch/lib/python3.5/site-packages/sqlalchemy/orm/unitofwork.py", line 391, in execute
    rec.execute(self)
  File "/home/snaumenko/.virtualenvs/dontTouch/lib/python3.5/site-packages/sqlalchemy/orm/unitofwork.py", line 556, in execute
    uow
  File "/home/snaumenko/.virtualenvs/dontTouch/lib/python3.5/site-packages/sqlalchemy/orm/persistence.py", line 177, in save_obj
    mapper, table, update)
  File "/home/snaumenko/.virtualenvs/dontTouch/lib/python3.5/site-packages/sqlalchemy/orm/persistence.py", line 768, in _emit_update_statements
    execute(statement, multiparams)
  File "/home/snaumenko/.virtualenvs/dontTouch/lib/python3.5/site-packages/sqlalchemy/engine/base.py", line 948, in execute
    return meth(self, multiparams, params)
  File "/home/snaumenko/.virtualenvs/dontTouch/lib/python3.5/site-packages/sqlalchemy/sql/elements.py", line 269, in _execute_on_connection
    return connection._execute_clauseelement(self, multiparams, params)
  File "/home/snaumenko/.virtualenvs/dontTouch/lib/python3.5/site-packages/sqlalchemy/engine/base.py", line 1060, in _execute_clauseelement
    compiled_sql, distilled_params
  File "/home/snaumenko/.virtualenvs/dontTouch/lib/python3.5/site-packages/sqlalchemy/engine/base.py", line 1200, in _execute_context
    context)
  File "/home/snaumenko/.virtualenvs/dontTouch/lib/python3.5/site-packages/sqlalchemy/engine/base.py", line 1413, in _handle_dbapi_exception
    exc_info
  File "/home/snaumenko/.virtualenvs/dontTouch/lib/python3.5/site-packages/sqlalchemy/util/compat.py", line 203, in raise_from_cause
    reraise(type(exception), exception, tb=exc_tb, cause=cause)
  File "/home/snaumenko/.virtualenvs/dontTouch/lib/python3.5/site-packages/sqlalchemy/util/compat.py", line 186, in reraise
    raise value.with_traceback(tb)
  File "/home/snaumenko/.virtualenvs/dontTouch/lib/python3.5/site-packages/sqlalchemy/engine/base.py", line 1193, in _execute_context
    context)
  File "/home/snaumenko/.virtualenvs/dontTouch/lib/python3.5/site-packages/sqlalchemy/engine/default.py", line 507, in do_execute
    cursor.execute(statement, parameters)
sqlalchemy.exc.IntegrityError: (sqlite3.IntegrityError) UNIQUE constraint failed: users.username [SQL: 'UPDATE users SET username=?, about_me=? WHERE users.id = ?'] [parameters: ('Sergey', 'yopta za', 2)] (Background on this error at: http://sqlalche.me/e/gkpj)
2018-05-08 17:18:41,818 INFO: Microblog startup [in /home/snaumenko/myFolder/python/dontTouch/app/__init__.py:47]
